TN:
SF:src\app.js
FNF:0
FNH:0
DA:1,1
DA:2,1
DA:3,1
DA:4,1
DA:6,1
DA:9,1
DA:10,1
DA:13,1
DA:16,1
DA:18,1
LF:10
LH:10
BRF:0
BRH:0
end_of_record
TN:
SF:src\controllers\taskController.js
FN:3,(anonymous_0)
FN:24,(anonymous_1)
FN:37,(anonymous_2)
FNF:3
FNH:3
FNDA:4,(anonymous_0)
FNDA:2,(anonymous_1)
FNDA:2,(anonymous_2)
DA:1,1
DA:3,1
DA:4,4
DA:5,4
DA:7,4
DA:8,3
DA:9,3
DA:10,3
DA:13,1
DA:15,1
DA:20,3
DA:24,1
DA:25,2
DA:26,2
DA:28,2
DA:33,0
DA:37,1
DA:38,2
DA:39,2
DA:41,2
DA:43,1
DA:48,1
DA:52,1
LF:23
LH:22
BRDA:7,0,0,3
BRDA:7,0,1,1
BRDA:7,1,0,4
BRDA:7,1,1,2
BRF:4
BRH:4
end_of_record
TN:
SF:src\middleware\errorHandler.js
FN:1,(anonymous_0)
FNF:1
FNH:1
FNDA:4,(anonymous_0)
DA:1,1
DA:2,4
DA:3,4
DA:4,4
DA:6,4
DA:12,1
LF:6
LH:6
BRDA:3,0,0,4
BRDA:3,0,1,1
BRDA:4,1,0,4
BRDA:4,1,1,0
BRF:4
BRH:3
end_of_record
TN:
SF:src\routes\taskRoutes.js
FNF:0
FNH:0
DA:1,1
DA:2,1
DA:3,1
DA:5,1
DA:6,1
DA:7,1
DA:9,1
LF:7
LH:7
BRF:0
BRH:0
end_of_record
TN:
SF:src\services\taskService.js
FN:5,(anonymous_0)
FN:15,(anonymous_1)
FN:28,(anonymous_2)
FNF:3
FNH:3
FNDA:3,(anonymous_0)
FNDA:5,(anonymous_1)
FNDA:4,(anonymous_2)
DA:1,2
DA:3,2
DA:5,2
DA:6,3
DA:12,2
DA:15,2
DA:16,5
DA:25,4
DA:28,2
DA:29,4
DA:33,2
DA:36,2
LF:12
LH:12
BRF:0
BRH:0
end_of_record
